[TCP] Server error: Error: listen EADDRINUSE: address already in use :::1234
    at Server.setupListenHandle [as _listen2] (node:net:2008:16)
    at listenInCluster (node:net:2065:12)
    at Server.listen (node:net:2170:7)
    at createTCPServer (file:///C:/Users/gvcor/OneDrive/Desktop/copie2/studentcompass/server/core/realtime/TCPServer.js:11:10)
    at file:///C:/Users/gvcor/OneDrive/Desktop/copie2/studentcompass/server/index.js:27:1
    at ModuleJob.run (node:internal/modules/esm/module_job:437:25)
    at process.processTicksAndRejections (node:internal/process/task_queues:104:5)
    at async node:internal/modules/esm/loader:639:26
    at async asyncRunEntryPointWithESMLoader (node:internal/modules/run_main:101:5) {
  code: 'EADDRINUSE',
  errno: -4091,
  syscall: 'listen',
  address: '::',
  port: 1234
}
node:events:487
      throw er; // Unhandled 'error' event
      ^

Error: listen EADDRINUSE: address already in use :::8080
    at Server.setupListenHandle [as _listen2] (node:net:2008:16)
    at listenInCluster (node:net:2065:12)
    at Server.listen (node:net:2170:7)
    at new WebSocketServer (C:\Users\gvcor\OneDrive\Desktop\copie2\studentcompass\server\node_modules\ws\lib\websocket-server.js:106:20)
    at new WSBridge (file:///C:/Users/gvcor/OneDrive/Desktop/copie2/studentcompass/server/core/realtime/WSBridge.js:18:17)
    at file:///C:/Users/gvcor/OneDrive/Desktop/copie2/studentcompass/server/index.js:30:18
    at ModuleJob.run (node:internal/modules/esm/module_job:437:25)
    at process.processTicksAndRejections (node:internal/process/task_queues:104:5)
    at async node:internal/modules/esm/loader:639:26
    at async asyncRunEntryPointWithESMLoader (node:internal/modules/run_main:101:5)
Emitted 'error' event on WebSocketServer instance at:
    at Server.emit (node:events:509:28)
    at emitErrorNT (node:net:2044:8)
    at process.processTicksAndRejections (node:internal/process/task_queues:90:21) {
  code: 'EADDRINUSE',
  errno: -4091,
  syscall: 'listen',
  address: '::',
  port: 8080
}

Node.js v24.15.0
[TCP] Server error: Error: listen EADDRINUSE: address already in use :::1234
    at Server.setupListenHandle [as _listen2] (node:net:2008:16)
    at listenInCluster (node:net:2065:12)
    at Server.listen (node:net:2170:7)
    at createTCPServer (file:///C:/Users/gvcor/OneDrive/Desktop/copie2/studentcompass/server/core/realtime/TCPServer.js:11:10)
    at file:///C:/Users/gvcor/OneDrive/Desktop/copie2/studentcompass/server/index.js:27:1
    at ModuleJob.run (node:internal/modules/esm/module_job:437:25)
    at process.processTicksAndRejections (node:internal/process/task_queues:104:5)
    at async node:internal/modules/esm/loader:639:26
    at async asyncRunEntryPointWithESMLoader (node:internal/modules/run_main:101:5) {
  code: 'EADDRINUSE',
  errno: -4091,
  syscall: 'listen',
  address: '::',
  port: 1234
}
node:events:487
      throw er; // Unhandled 'error' event
      ^

Error: listen EADDRINUSE: address already in use :::8080
    at Server.setupListenHandle [as _listen2] (node:net:2008:16)
    at listenInCluster (node:net:2065:12)
    at Server.listen (node:net:2170:7)
    at new WebSocketServer (C:\Users\gvcor\OneDrive\Desktop\copie2\studentcompass\server\node_modules\ws\lib\websocket-server.js:106:20)
    at new WSBridge (file:///C:/Users/gvcor/OneDrive/Desktop/copie2/studentcompass/server/core/realtime/WSBridge.js:18:17)
    at file:///C:/Users/gvcor/OneDrive/Desktop/copie2/studentcompass/server/index.js:30:18
    at ModuleJob.run (node:internal/modules/esm/module_job:437:25)
    at process.processTicksAndRejections (node:internal/process/task_queues:104:5)
    at async node:internal/modules/esm/loader:639:26
    at async asyncRunEntryPointWithESMLoader (node:internal/modules/run_main:101:5)
Emitted 'error' event on WebSocketServer instance at:
    at Server.emit (node:events:509:28)
    at emitErrorNT (node:net:2044:8)
    at process.processTicksAndRejections (node:internal/process/task_queues:90:21) {
  code: 'EADDRINUSE',
  errno: -4091,
  syscall: 'listen',
  address: '::',
  port: 8080
}

Node.js v24.15.0
